2025-05-13 09:20:16.677 [main] INFO  org.yuliu.heima.HeimaApplication - Starting HeimaApplication using Java 17.0.14 on LAPTOP-UVSFVGV1 with PID 4480 (E:\javaweb\heima\target\classes started by yuliu in E:\javaweb\heima)
2025-05-13 09:20:16.680 [main] INFO  org.yuliu.heima.HeimaApplication - No active profile set, falling back to 1 default profile: "default"
2025-05-13 09:20:17.987 [main] INFO  org.yuliu.heima.HeimaApplication - Started HeimaApplication in 1.563 seconds (JVM running for 2.271)
2025-05-13 09:20:26.146 [http-nio-8080-exec-6] INFO  org.yuliu.heima.demos.web.controller.EmpController - 分页查询员工，参数empRequestParam：EmpQueryParam(page=1, pageSize=10, name=, gender=null, begin=null, end=null),{}
2025-05-13 09:20:26.147 [http-nio-8080-exec-6] INFO  org.yuliu.heima.demos.web.controller.EmpController - begin=null, end=null
2025-05-13 09:20:29.973 [http-nio-8080-exec-9] INFO  org.yuliu.heima.demos.web.controller.EmpController - 分页查询员工，参数empRequestParam：EmpQueryParam(page=1, pageSize=10, name=, gender=null, begin=null, end=null),{}
2025-05-13 09:20:29.973 [http-nio-8080-exec-9] INFO  org.yuliu.heima.demos.web.controller.EmpController - begin=null, end=null
2025-05-13 09:20:30.558 [http-nio-8080-exec-7] INFO  o.yuliu.heima.demos.web.controller.DeptController - 查询所有部门数据
2025-05-13 09:20:31.545 [http-nio-8080-exec-8] INFO  org.yuliu.heima.demos.web.controller.EmpController - 分页查询员工，参数empRequestParam：EmpQueryParam(page=1, pageSize=10, name=, gender=null, begin=null, end=null),{}
2025-05-13 09:20:31.545 [http-nio-8080-exec-8] INFO  org.yuliu.heima.demos.web.controller.EmpController - begin=null, end=null
2025-05-13 09:21:17.696 [main] INFO  org.yuliu.heima.HeimaApplication - Starting HeimaApplication using Java 17.0.14 on LAPTOP-UVSFVGV1 with PID 14944 (E:\javaweb\heima\target\classes started by yuliu in E:\javaweb\heima)
2025-05-13 09:21:17.697 [main] INFO  org.yuliu.heima.HeimaApplication - No active profile set, falling back to 1 default profile: "default"
2025-05-13 09:21:18.767 [main] INFO  org.yuliu.heima.HeimaApplication - Started HeimaApplication in 1.323 seconds (JVM running for 1.89)
2025-05-13 09:21:18.992 [http-nio-8080-exec-2] INFO  org.yuliu.heima.demos.web.controller.EmpController - 分页查询员工，参数empRequestParam：EmpQueryParam(page=1, pageSize=10, name=, gender=null, begin=null, end=null),{}
2025-05-13 09:21:18.993 [http-nio-8080-exec-2] INFO  org.yuliu.heima.demos.web.controller.EmpController - begin=null, end=null
2025-05-13 09:21:19.938 [http-nio-8080-exec-6] INFO  org.yuliu.heima.demos.web.controller.EmpController - 分页查询员工，参数empRequestParam：EmpQueryParam(page=1, pageSize=10, name=, gender=null, begin=null, end=null),{}
2025-05-13 09:21:19.938 [http-nio-8080-exec-6] INFO  org.yuliu.heima.demos.web.controller.EmpController - begin=null, end=null
2025-05-13 09:21:21.093 [http-nio-8080-exec-7] INFO  org.yuliu.heima.demos.web.controller.EmpController - 分页查询员工，参数empRequestParam：EmpQueryParam(page=1, pageSize=10, name=, gender=null, begin=null, end=null),{}
2025-05-13 09:21:21.093 [http-nio-8080-exec-7] INFO  org.yuliu.heima.demos.web.controller.EmpController - begin=null, end=null
2025-05-13 09:22:06.425 [main] INFO  org.yuliu.heima.HeimaApplication - Starting HeimaApplication using Java 17.0.14 on LAPTOP-UVSFVGV1 with PID 22984 (E:\javaweb\heima\target\classes started by yuliu in E:\javaweb\heima)
2025-05-13 09:22:06.426 [main] INFO  org.yuliu.heima.HeimaApplication - No active profile set, falling back to 1 default profile: "default"
2025-05-13 09:22:07.488 [main] INFO  org.yuliu.heima.HeimaApplication - Started HeimaApplication in 1.294 seconds (JVM running for 1.835)
2025-05-13 09:22:08.552 [http-nio-8080-exec-4] INFO  org.yuliu.heima.demos.web.controller.EmpController - 分页查询员工，参数empRequestParam：EmpQueryParam(page=1, pageSize=10, name=, gender=null, begin=null, end=null),{}
2025-05-13 09:22:08.554 [http-nio-8080-exec-4] INFO  org.yuliu.heima.demos.web.controller.EmpController - begin=null, end=null
